<?xml version="1.0" encoding="UTF-8"?>
<!-- Generated by org.testng.reporters.JUnitReportReporter -->
<testsuite skipped="0" hostname="DESKTOP-CIA7Q19" name="TestNG.Script1" tests="2" failures="0" timestamp="03 Sep 2022 17:04:26 GMT" time="0.003" errors="0">
  <testcase name="test1" time="0.001" classname="TestNG.Script1"/>
  <testcase name="test2" time="0.002" classname="TestNG.Script1"/>
</testsuite> <!-- TestNG.Script1 -->
