<?xml version="1.0" encoding="UTF-8"?>
<!-- Generated by org.testng.reporters.JUnitReportReporter -->
<testsuite skipped="0" hostname="DESKTOP-CIA7Q19" name="testNG_priority" tests="1" failures="0" timestamp="18 Jul 2022 04:22:22 GMT" time="0.020" errors="0">
  <testcase name="test1" time="0.020" classname="testNG_priority"/>
</testsuite> <!-- testNG_priority -->
