<?xml version="1.0" encoding="UTF-8"?>
<!-- Generated by org.testng.reporters.JUnitReportReporter -->
<testsuite skipped="0" hostname="DESKTOP-CIA7Q19" name="multiple_times_same_script" tests="4" failures="0" timestamp="18 Jul 2022 04:30:38 GMT" time="0.035" errors="0">
  <testcase name="test2" time="0.007" classname="multiple_times_same_script"/>
  <testcase name="test1" time="0.018" classname="multiple_times_same_script"/>
  <testcase name="test1" time="0.002" classname="multiple_times_same_script"/>
  <testcase name="test1" time="0.008" classname="multiple_times_same_script"/>
</testsuite> <!-- multiple_times_same_script -->
