<?xml version="1.0" encoding="UTF-8"?>
<!-- Generated by org.testng.reporters.JUnitReportReporter -->
<testsuite skipped="1" hostname="DESKTOP-CIA7Q19" name="TestNG.Skip_test_witout_using_invocationcount" tests="2" failures="0" timestamp="03 Sep 2022 17:04:26 GMT" time="0.003" errors="0">
  <testcase name="test2" time="0.003" classname="TestNG.Skip_test_witout_using_invocationcount"/>
  <testcase name="test1" classname="TestNG.Skip_test_witout_using_invocationcount">
    <skipped/>
  </testcase> <!-- test1 -->
</testsuite> <!-- TestNG.Skip_test_witout_using_invocationcount -->
