<?xml version="1.0" encoding="UTF-8"?>
<!-- Generated by org.testng.reporters.JUnitReportReporter -->
<testsuite skipped="0" hostname="DESKTOP-CIA7Q19" name="TestNG.same_script_multiple_times" tests="4" failures="0" timestamp="03 Sep 2022 17:04:26 GMT" time="0.016" errors="0">
  <testcase name="test1" time="0.007" classname="TestNG.same_script_multiple_times"/>
  <testcase name="test1" time="0.004" classname="TestNG.same_script_multiple_times"/>
  <testcase name="test1" time="0.003" classname="TestNG.same_script_multiple_times"/>
  <testcase name="test2" time="0.002" classname="TestNG.same_script_multiple_times"/>
</testsuite> <!-- TestNG.same_script_multiple_times -->
