<?xml version="1.0" encoding="UTF-8"?>
<!-- Generated by org.testng.reporters.JUnitReportReporter -->
<testsuite skipped="0" hostname="DESKTOP-CIA7Q19" name="TestNG.Script1" tests="3" failures="0" timestamp="26 Oct 2022 03:45:18 GMT" time="0.058" errors="0">
  <testcase name="test2" time="0.000" classname="TestNG.Script1"/>
  <testcase name="test3" time="0.015" classname="TestNG.Script1"/>
  <testcase name="test1" time="0.043" classname="TestNG.Script1"/>
</testsuite> <!-- TestNG.Script1 -->
