<?xml version="1.0" encoding="UTF-8"?>
<!-- Generated by org.testng.reporters.JUnitReportReporter -->
<testsuite skipped="0" hostname="DESKTOP-CIA7Q19" name="TestNG.testNg_priority" tests="2" failures="0" timestamp="03 Sep 2022 17:04:26 GMT" time="0.023" errors="0">
  <testcase name="test2" time="0.008" classname="TestNG.testNg_priority"/>
  <testcase name="test1" time="0.015" classname="TestNG.testNg_priority"/>
</testsuite> <!-- TestNG.testNg_priority -->
