<?xml version="1.0" encoding="UTF-8"?>
<!-- Generated by org.testng.reporters.JUnitReportReporter -->
<testsuite skipped="0" hostname="DESKTOP-CIA7Q19" name="com.crm.SAMPLE.TesterTest" tests="1" failures="0" timestamp="13 Oct 2022 05:54:39 GMT" time="0.015" errors="0">
  <testcase name="methods" time="0.015" classname="com.crm.SAMPLE.TesterTest"/>
</testsuite> <!-- com.crm.SAMPLE.TesterTest -->
