<<<<<<< HEAD
<?xml version="1.0" encoding="UTF-8"?>
<!-- Generated by org.testng.reporters.JUnitReportReporter -->
<testsuite skipped="0" hostname="DESKTOP-CIA7Q19" name="SAMPLE.Tester2255" tests="1" failures="0" timestamp="10 Oct 2022 12:15:31 GMT" time="0.022" errors="0">
  <testcase name="methods" time="0.022" classname="SAMPLE.Tester2255"/>
</testsuite> <!-- SAMPLE.Tester2255 -->
=======
<?xml version="1.0" encoding="UTF-8"?>
<!-- Generated by org.testng.reporters.JUnitReportReporter -->
<testsuite skipped="0" hostname="DESKTOP-CIA7Q19" name="SAMPLE.Tester2255" tests="1" failures="0" timestamp="10 Oct 2022 12:15:31 GMT" time="0.022" errors="0">
  <testcase name="methods" time="0.022" classname="SAMPLE.Tester2255"/>
</testsuite> <!-- SAMPLE.Tester2255 -->
>>>>>>> branch 'master' of https://github.com/MadhuSonnad/FrameworkSDET.git
