<?xml version="1.0" encoding="UTF-8"?>
<!-- Generated by org.testng.reporters.JUnitReportReporter -->
<testsuite skipped="0" hostname="DESKTOP-CIA7Q19" name="SAMPLE.TesterTest" tests="1" failures="0" timestamp="11 Oct 2022 06:42:46 GMT" time="0.026" errors="0">
  <testcase name="methods" time="0.026" classname="SAMPLE.TesterTest"/>
</testsuite> <!-- SAMPLE.TesterTest -->
