<?xml version="1.0" encoding="UTF-8"?>
<!-- Generated by org.testng.reporters.JUnitReportReporter -->
<testsuite skipped="0" hostname="DESKTOP-CIA7Q19" name="com.crm.SAMPLE.DemoTest" tests="1" failures="0" timestamp="13 Oct 2022 05:27:13 GMT" time="0.018" errors="0">
  <testcase name="method" time="0.018" classname="com.crm.SAMPLE.DemoTest"/>
</testsuite> <!-- com.crm.SAMPLE.DemoTest -->
