<?xml version="1.0" encoding="UTF-8"?>
<!-- Generated by org.testng.reporters.JUnitReportReporter -->
<testsuite skipped="0" hostname="DESKTOP-CIA7Q19" name="SAMPLE.Demo" tests="1" failures="0" timestamp="10 Oct 2022 08:38:44 GMT" time="0.031" errors="0">
  <testcase name="method" time="0.031" classname="SAMPLE.Demo"/>
</testsuite> <!-- SAMPLE.Demo -->
